                 _     _     _ _ 
                (_)   | |   | (_)
   ___ __ _ _ __ _  __| | __| |_ 
  / __/ _` | '__| |/ _` |/ _` | |
 | (_| (_| | |  | | (_| | (_| | |
  \___\__,_|_|  |_|\__,_|\__,_|_| v1.4.5

 > github.com/edoardottt/cariddi
 > https://edoardottt.com/
========================================
2026/02/27 11:55:21 unexpected end of input
                 _     _     _ _ 
                (_)   | |   | (_)
   ___ __ _ _ __ _  __| | __| |_ 
  / __/ _` | '__| |/ _` |/ _` | |
 | (_| (_| | |  | | (_| | (_| | |
  \___\__,_|_|  |_|\__,_|\__,_|_| v1.4.5

 > github.com/edoardottt/cariddi
 > https://edoardottt.com/
========================================
2026/02/27 12:06:14 unexpected end of input
                 _     _     _ _ 
                (_)   | |   | (_)
   ___ __ _ _ __ _  __| | __| |_ 
  / __/ _` | '__| |/ _` |/ _` | |
 | (_| (_| | |  | | (_| | (_| | |
  \___\__,_|_|  |_|\__,_|\__,_|_| v1.4.5

 > github.com/edoardottt/cariddi
 > https://edoardottt.com/
========================================
2026/02/27 12:13:32 unexpected end of input
                 _     _     _ _ 
                (_)   | |   | (_)
   ___ __ _ _ __ _  __| | __| |_ 
  / __/ _` | '__| |/ _` |/ _` | |
 | (_| (_| | |  | | (_| | (_| | |
  \___\__,_|_|  |_|\__,_|\__,_|_| v1.4.5

 > github.com/edoardottt/cariddi
 > https://edoardottt.com/
========================================
2026/02/27 12:20:50 unexpected end of input
                 _     _     _ _ 
                (_)   | |   | (_)
   ___ __ _ _ __ _  __| | __| |_ 
  / __/ _` | '__| |/ _` |/ _` | |
 | (_| (_| | |  | | (_| | (_| | |
  \___\__,_|_|  |_|\__,_|\__,_|_| v1.4.5

 > github.com/edoardottt/cariddi
 > https://edoardottt.com/
========================================
2026/02/27 12:30:24 unexpected end of input
